2025-07-06 22:02:44,189 - __main__ - INFO - 🚀 Ultimate Trading System Initialized
2025-07-06 22:02:44,189 - __main__ - INFO - 💰 Starting Balance: $10.00
2025-07-06 22:02:44,189 - __main__ - INFO - 📊 Current Phase: 1
2025-07-06 22:02:44,189 - __main__ - INFO - 📋 Trading Mode: PAPER
2025-07-06 22:02:44,189 - __main__ - INFO - 🚀 Starting Ultimate Trading System for 24 hours
2025-07-06 22:03:29,226 - __main__ - INFO - ────────────────────────────────────────────────────────────────────────────────
2025-07-06 22:03:29,228 - __main__ - INFO - 📊 CYCLE #10 | Runtime: 0:00:45
2025-07-06 22:03:29,228 - __main__ - INFO - 💰 Balance: $10.00 | Return: +0.00%
2025-07-06 22:03:29,228 - __main__ - INFO - 🎯 Progress to $100: 10.000%
2025-07-06 22:03:29,228 - __main__ - INFO - 🏗️  Phase: 1 | Trades Today: 0
2025-07-06 22:03:29,228 - __main__ - INFO - ────────────────────────────────────────────────────────────────────────────────
2025-07-06 22:04:19,263 - __main__ - INFO - ────────────────────────────────────────────────────────────────────────────────
2025-07-06 22:04:19,265 - __main__ - INFO - 📊 CYCLE #20 | Runtime: 0:01:35
2025-07-06 22:04:19,265 - __main__ - INFO - 💰 Balance: $10.00 | Return: +0.00%
2025-07-06 22:04:19,265 - __main__ - INFO - 🎯 Progress to $100: 10.000%
2025-07-06 22:04:19,265 - __main__ - INFO - 🏗️  Phase: 1 | Trades Today: 0
2025-07-06 22:04:19,265 - __main__ - INFO - ────────────────────────────────────────────────────────────────────────────────
2025-07-06 22:05:09,306 - __main__ - INFO - ────────────────────────────────────────────────────────────────────────────────
2025-07-06 22:05:09,306 - __main__ - INFO - 📊 CYCLE #30 | Runtime: 0:02:25
2025-07-06 22:05:09,306 - __main__ - INFO - 💰 Balance: $10.00 | Return: +0.00%
2025-07-06 22:05:09,306 - __main__ - INFO - 🎯 Progress to $100: 10.000%
2025-07-06 22:05:09,306 - __main__ - INFO - 🏗️  Phase: 1 | Trades Today: 0
2025-07-06 22:05:09,307 - __main__ - INFO - ────────────────────────────────────────────────────────────────────────────────
2025-07-06 22:05:54,659 - __main__ - INFO - 🛑 Shutting down Ultimate Trading System...
2025-07-06 22:05:54,659 - __main__ - INFO - ================================================================================
2025-07-06 22:05:54,659 - __main__ - INFO - 📊 FINAL PERFORMANCE REPORT
2025-07-06 22:05:54,660 - __main__ - INFO - ================================================================================
2025-07-06 22:05:54,660 - __main__ - INFO - 💰 Starting Balance: $10.00
2025-07-06 22:05:54,660 - __main__ - INFO - 💰 Final Balance: $10.00
2025-07-06 22:05:54,660 - __main__ - INFO - 📈 Total Return: +0.00%
2025-07-06 22:05:54,660 - __main__ - INFO - ⏱️  Total Runtime: 0:03:10
2025-07-06 22:05:54,660 - __main__ - INFO - 🏗️  Final Phase: 1
2025-07-06 22:05:54,660 - __main__ - INFO - ================================================================================
