2025-07-04 19:56:41,565 - INFO - 📊 Ultimate tracking database initialized
2025-07-04 19:56:41,565 - INFO - 🔍 Viral monitoring and whale tracking initialized
2025-07-04 19:56:41,565 - INFO - 🚀 ULTIMATE $10→$1M SYSTEM ACTIVATED
2025-07-04 19:56:41,565 - INFO - 💰 Starting Balance: $10.0
2025-07-04 19:56:41,565 - INFO - 🎯 Target: $1,000,000 (100,000x return)
2025-07-04 19:56:41,565 - INFO - ⚡ Strategy: PRESALE SNIPING + VIRAL DETECTION + WHALE FOLLOWING
2025-07-04 19:56:41,566 - INFO - 🚀 LAUNCHING ULTIMATE $10→$1M SYSTEM
2025-07-04 19:56:41,566 - INFO - ⚡ STRATEGY: Maximum asymmetric upside opportunities
2025-07-04 19:56:41,566 - INFO - 🔍 Starting ultimate opportunity scanner...
2025-07-04 19:56:41,567 - INFO - 🐋 HIGH-CONFIDENCE WHALE SIGNAL: DegenKing
2025-07-04 19:56:41,567 - INFO - 🐋 WHALE FOLLOWED: Trending120 - $4.00
2025-07-04 19:56:41,567 - INFO - 💰 Following: DegenKing
2025-07-04 19:56:51,568 - INFO - 💰 SOLD: Trending120 | 12.10x | $+44.38
2025-07-04 19:56:51,569 - INFO - 💵 Strategy: whale_follow | Reason: WHALE_TARGET_HIT
2025-07-04 19:56:51,569 - INFO - 🔥 New Balance: $54.38
2025-07-04 19:57:26,570 - INFO - 🎯 HIGH-SCORE PRESALE DETECTED: Wall Street Dog (Score: 0.72)
2025-07-04 19:57:26,573 - INFO - 🎯 PRESALE SNIPED: Wall Street Dog - $8.00
2025-07-04 19:57:26,573 - INFO - 💎 Expected: 7.2x return
2025-07-04 19:58:44,576 - INFO - 🐋 HIGH-CONFIDENCE WHALE SIGNAL: PresaleHunter
2025-07-04 19:58:44,576 - INFO - 🐋 WHALE FOLLOWED: Trending395 - $4.00
2025-07-04 19:58:44,576 - INFO - 💰 Following: PresaleHunter
2025-07-04 19:59:30,579 - INFO - 🎯 HIGH-SCORE PRESALE DETECTED: Space Pay (Score: 0.74)
2025-07-04 19:59:30,583 - INFO - 🎯 PRESALE SNIPED: Space Pay - $8.00
2025-07-04 19:59:30,584 - INFO - 💎 Expected: 4.9x return
2025-07-04 19:59:31,588 - INFO - 💰 SOLD: Trending395 | 3.11x | $+8.42
2025-07-04 19:59:31,588 - INFO - 💵 Strategy: whale_follow | Reason: WHALE_TARGET_HIT
2025-07-04 19:59:31,588 - INFO - 🔥 New Balance: $46.80
